05-May-2024 00:18:34.339 信息 [main] org.apache.catalina.startup.VersionLoggerListener.log Server.服务器版本: Apache Tomcat/9.0.54
05-May-2024 00:18:34.354 信息 [main] org.apache.catalina.startup.VersionLoggerListener.log 服务器构建:        Sep 28 2021 13:51:49 UTC
05-May-2024 00:18:34.354 信息 [main] org.apache.catalina.startup.VersionLoggerListener.log 服务器版本号:      9.0.54.0
05-May-2024 00:18:34.354 信息 [main] org.apache.catalina.startup.VersionLoggerListener.log 操作系统名称:      Windows 10
05-May-2024 00:18:34.354 信息 [main] org.apache.catalina.startup.VersionLoggerListener.log OS.版本:           10.0
05-May-2024 00:18:34.354 信息 [main] org.apache.catalina.startup.VersionLoggerListener.log 架构:              amd64
05-May-2024 00:18:34.354 信息 [main] org.apache.catalina.startup.VersionLoggerListener.log Java 环境变量:     E:\Study\Android\Java\jdk\jre
05-May-2024 00:18:34.354 信息 [main] org.apache.catalina.startup.VersionLoggerListener.log Java虚拟机版本:    1.8.0_391-b13
05-May-2024 00:18:34.354 信息 [main] org.apache.catalina.startup.VersionLoggerListener.log JVM.供应商:        Oracle Corporation
05-May-2024 00:18:34.355 信息 [main] org.apache.catalina.startup.VersionLoggerListener.log CATALINA_BASE:     E:\Study\AndroidProjects\Order_code\tomcat9
05-May-2024 00:18:34.355 信息 [main] org.apache.catalina.startup.VersionLoggerListener.log CATALINA_HOME:     E:\Study\AndroidProjects\Order_code\tomcat9
05-May-2024 00:18:34.371 信息 [main] org.apache.catalina.startup.VersionLoggerListener.log 命令行参数：       -Djava.util.logging.config.file=E:\Study\AndroidProjects\Order_code\tomcat9\conf\logging.properties
05-May-2024 00:18:34.371 信息 [main] org.apache.catalina.startup.VersionLoggerListener.log 命令行参数：       -Djava.util.logging.manager=org.apache.juli.ClassLoaderLogManager
05-May-2024 00:18:34.371 信息 [main] org.apache.catalina.startup.VersionLoggerListener.log 命令行参数：       -Djdk.tls.ephemeralDHKeySize=2048
05-May-2024 00:18:34.371 信息 [main] org.apache.catalina.startup.VersionLoggerListener.log 命令行参数：       -Djava.protocol.handler.pkgs=org.apache.catalina.webresources
05-May-2024 00:18:34.371 信息 [main] org.apache.catalina.startup.VersionLoggerListener.log 命令行参数：       -Dignore.endorsed.dirs=
05-May-2024 00:18:34.371 信息 [main] org.apache.catalina.startup.VersionLoggerListener.log 命令行参数：       -Dcatalina.base=E:\Study\AndroidProjects\Order_code\tomcat9
05-May-2024 00:18:34.372 信息 [main] org.apache.catalina.startup.VersionLoggerListener.log 命令行参数：       -Dcatalina.home=E:\Study\AndroidProjects\Order_code\tomcat9
05-May-2024 00:18:34.372 信息 [main] org.apache.catalina.startup.VersionLoggerListener.log 命令行参数：       -Djava.io.tmpdir=E:\Study\AndroidProjects\Order_code\tomcat9\temp
05-May-2024 00:18:34.405 信息 [main] org.apache.catalina.core.AprLifecycleListener.lifecycleEvent 安装了基于APR的Apache Tomcat Native库的旧版本[1.2.25]，而Tomcat建议使用[1.2.30]的最低版本
05-May-2024 00:18:34.406 信息 [main] org.apache.catalina.core.AprLifecycleListener.lifecycleEvent 使用APR版本[1.7.0]加载了基于APR的Apache Tomcat本机库[1.2.25]。
05-May-2024 00:18:34.407 信息 [main] org.apache.catalina.core.AprLifecycleListener.lifecycleEvent APR功能：IPv6[true]、sendfile[true]、accept filters[false]、random[true]、UDS [false]。
05-May-2024 00:18:34.407 信息 [main] org.apache.catalina.core.AprLifecycleListener.lifecycleEvent APR/OpenSSL配置：useAprConnector[false]，useOpenSSL[true]
05-May-2024 00:18:34.411 信息 [main] org.apache.catalina.core.AprLifecycleListener.initializeSSL OpenSSL成功初始化 [OpenSSL 1.1.1g  21 Apr 2020]
05-May-2024 00:18:35.073 信息 [main] org.apache.coyote.AbstractProtocol.init 初始化协议处理器 ["http-nio-8080"]
05-May-2024 00:18:35.082 严重 [main] org.apache.catalina.util.LifecycleBase.handleSubClassException 初始化组件[Connector[HTTP/1.1-8080]]失败。
	org.apache.catalina.LifecycleException: 协议处理程序初始化失败
		at org.apache.catalina.connector.Connector.initInternal(Connector.java:1049)
		at org.apache.catalina.util.LifecycleBase.init(LifecycleBase.java:136)
		at org.apache.catalina.core.StandardService.initInternal(StandardService.java:556)
		at org.apache.catalina.util.LifecycleBase.init(LifecycleBase.java:136)
		at org.apache.catalina.core.StandardServer.initInternal(StandardServer.java:1042)
		at org.apache.catalina.util.LifecycleBase.init(LifecycleBase.java:136)
		at org.apache.catalina.startup.Catalina.load(Catalina.java:724)
		at org.apache.catalina.startup.Catalina.load(Catalina.java:746)
		at sun.reflect.NativeMethodAccessorImpl.invoke0(Native Method)
		at sun.reflect.NativeMethodAccessorImpl.invoke(NativeMethodAccessorImpl.java:62)
		at sun.reflect.DelegatingMethodAccessorImpl.invoke(DelegatingMethodAccessorImpl.java:43)
		at java.lang.reflect.Method.invoke(Method.java:498)
		at org.apache.catalina.startup.Bootstrap.load(Bootstrap.java:305)
		at org.apache.catalina.startup.Bootstrap.main(Bootstrap.java:475)
	Caused by: java.net.BindException: Address already in use: bind
		at sun.nio.ch.Net.bind0(Native Method)
		at sun.nio.ch.Net.bind(Net.java:438)
		at sun.nio.ch.Net.bind(Net.java:430)
		at sun.nio.ch.ServerSocketChannelImpl.bind(ServerSocketChannelImpl.java:225)
		at org.apache.tomcat.util.net.NioEndpoint.initServerSocket(NioEndpoint.java:271)
		at org.apache.tomcat.util.net.NioEndpoint.bind(NioEndpoint.java:226)
		at org.apache.tomcat.util.net.AbstractEndpoint.bindWithCleanup(AbstractEndpoint.java:1208)
		at org.apache.tomcat.util.net.AbstractEndpoint.init(AbstractEndpoint.java:1221)
		at org.apache.coyote.AbstractProtocol.init(AbstractProtocol.java:603)
		at org.apache.coyote.http11.AbstractHttp11Protocol.init(AbstractHttp11Protocol.java:80)
		at org.apache.catalina.connector.Connector.initInternal(Connector.java:1046)
		... 13 more
05-May-2024 00:18:35.083 信息 [main] org.apache.catalina.startup.Catalina.load 服务器在[863]毫秒内初始化
05-May-2024 00:18:35.116 信息 [main] org.apache.catalina.core.StandardService.startInternal 正在启动服务[Catalina]
05-May-2024 00:18:35.116 信息 [main] org.apache.catalina.core.StandardEngine.startInternal 正在启动 Servlet 引擎：[Apache Tomcat/9.0.54]
05-May-2024 00:18:35.121 信息 [main] org.apache.catalina.startup.HostConfig.deployDirectory 把web 应用程序部署到目录 [E:\Study\AndroidProjects\Order_code\tomcat9\webapps\docs]
05-May-2024 00:18:35.466 警告 [main] org.apache.catalina.util.SessionIdGeneratorBase.createSecureRandom 使用[SHA1PRNG]创建会话ID生成的SecureRandom实例花费了[195]毫秒。
05-May-2024 00:18:35.480 信息 [main] org.apache.catalina.startup.HostConfig.deployDirectory Web应用程序目录[E:\Study\AndroidProjects\Order_code\tomcat9\webapps\docs]的部署已在[359]毫秒内完成
05-May-2024 00:18:35.480 信息 [main] org.apache.catalina.startup.HostConfig.deployDirectory 把web 应用程序部署到目录 [E:\Study\AndroidProjects\Order_code\tomcat9\webapps\manager]
05-May-2024 00:18:35.527 信息 [main] org.apache.catalina.startup.HostConfig.deployDirectory Web应用程序目录[E:\Study\AndroidProjects\Order_code\tomcat9\webapps\manager]的部署已在[47]毫秒内完成
05-May-2024 00:18:35.527 信息 [main] org.apache.catalina.startup.HostConfig.deployDirectory 把web 应用程序部署到目录 [E:\Study\AndroidProjects\Order_code\tomcat9\webapps\ROOT]
05-May-2024 00:18:35.546 信息 [main] org.apache.catalina.startup.HostConfig.deployDirectory Web应用程序目录[E:\Study\AndroidProjects\Order_code\tomcat9\webapps\ROOT]的部署已在[19]毫秒内完成
05-May-2024 00:18:35.555 信息 [main] org.apache.catalina.startup.Catalina.start [472]毫秒后服务器启动
05-May-2024 00:19:00.050 信息 [main] org.apache.catalina.startup.VersionLoggerListener.log Server.服务器版本: Apache Tomcat/9.0.54
05-May-2024 00:19:00.053 信息 [main] org.apache.catalina.startup.VersionLoggerListener.log 服务器构建:        Sep 28 2021 13:51:49 UTC
05-May-2024 00:19:00.053 信息 [main] org.apache.catalina.startup.VersionLoggerListener.log 服务器版本号:      9.0.54.0
05-May-2024 00:19:00.053 信息 [main] org.apache.catalina.startup.VersionLoggerListener.log 操作系统名称:      Windows 10
05-May-2024 00:19:00.053 信息 [main] org.apache.catalina.startup.VersionLoggerListener.log OS.版本:           10.0
05-May-2024 00:19:00.053 信息 [main] org.apache.catalina.startup.VersionLoggerListener.log 架构:              amd64
05-May-2024 00:19:00.053 信息 [main] org.apache.catalina.startup.VersionLoggerListener.log Java 环境变量:     E:\Study\Android\Java\jdk\jre
05-May-2024 00:19:00.053 信息 [main] org.apache.catalina.startup.VersionLoggerListener.log Java虚拟机版本:    1.8.0_391-b13
05-May-2024 00:19:00.053 信息 [main] org.apache.catalina.startup.VersionLoggerListener.log JVM.供应商:        Oracle Corporation
05-May-2024 00:19:00.053 信息 [main] org.apache.catalina.startup.VersionLoggerListener.log CATALINA_BASE:     E:\Study\AndroidProjects\Order_code\tomcat9
05-May-2024 00:19:00.053 信息 [main] org.apache.catalina.startup.VersionLoggerListener.log CATALINA_HOME:     E:\Study\AndroidProjects\Order_code\tomcat9
05-May-2024 00:19:00.054 信息 [main] org.apache.catalina.startup.VersionLoggerListener.log 命令行参数：       -Djava.util.logging.config.file=E:\Study\AndroidProjects\Order_code\tomcat9\conf\logging.properties
05-May-2024 00:19:00.054 信息 [main] org.apache.catalina.startup.VersionLoggerListener.log 命令行参数：       -Djava.util.logging.manager=org.apache.juli.ClassLoaderLogManager
05-May-2024 00:19:00.054 信息 [main] org.apache.catalina.startup.VersionLoggerListener.log 命令行参数：       -Djdk.tls.ephemeralDHKeySize=2048
05-May-2024 00:19:00.054 信息 [main] org.apache.catalina.startup.VersionLoggerListener.log 命令行参数：       -Djava.protocol.handler.pkgs=org.apache.catalina.webresources
05-May-2024 00:19:00.054 信息 [main] org.apache.catalina.startup.VersionLoggerListener.log 命令行参数：       -Dignore.endorsed.dirs=
05-May-2024 00:19:00.054 信息 [main] org.apache.catalina.startup.VersionLoggerListener.log 命令行参数：       -Dcatalina.base=E:\Study\AndroidProjects\Order_code\tomcat9
05-May-2024 00:19:00.054 信息 [main] org.apache.catalina.startup.VersionLoggerListener.log 命令行参数：       -Dcatalina.home=E:\Study\AndroidProjects\Order_code\tomcat9
05-May-2024 00:19:00.055 信息 [main] org.apache.catalina.startup.VersionLoggerListener.log 命令行参数：       -Djava.io.tmpdir=E:\Study\AndroidProjects\Order_code\tomcat9\temp
05-May-2024 00:19:00.058 信息 [main] org.apache.catalina.core.AprLifecycleListener.lifecycleEvent 安装了基于APR的Apache Tomcat Native库的旧版本[1.2.25]，而Tomcat建议使用[1.2.30]的最低版本
05-May-2024 00:19:00.059 信息 [main] org.apache.catalina.core.AprLifecycleListener.lifecycleEvent 使用APR版本[1.7.0]加载了基于APR的Apache Tomcat本机库[1.2.25]。
05-May-2024 00:19:00.059 信息 [main] org.apache.catalina.core.AprLifecycleListener.lifecycleEvent APR功能：IPv6[true]、sendfile[true]、accept filters[false]、random[true]、UDS [false]。
05-May-2024 00:19:00.059 信息 [main] org.apache.catalina.core.AprLifecycleListener.lifecycleEvent APR/OpenSSL配置：useAprConnector[false]，useOpenSSL[true]
05-May-2024 00:19:00.063 信息 [main] org.apache.catalina.core.AprLifecycleListener.initializeSSL OpenSSL成功初始化 [OpenSSL 1.1.1g  21 Apr 2020]
05-May-2024 00:19:00.291 信息 [main] org.apache.coyote.AbstractProtocol.init 初始化协议处理器 ["http-nio-8080"]
05-May-2024 00:19:00.299 严重 [main] org.apache.catalina.util.LifecycleBase.handleSubClassException 初始化组件[Connector[HTTP/1.1-8080]]失败。
	org.apache.catalina.LifecycleException: 协议处理程序初始化失败
		at org.apache.catalina.connector.Connector.initInternal(Connector.java:1049)
		at org.apache.catalina.util.LifecycleBase.init(LifecycleBase.java:136)
		at org.apache.catalina.core.StandardService.initInternal(StandardService.java:556)
		at org.apache.catalina.util.LifecycleBase.init(LifecycleBase.java:136)
		at org.apache.catalina.core.StandardServer.initInternal(StandardServer.java:1042)
		at org.apache.catalina.util.LifecycleBase.init(LifecycleBase.java:136)
		at org.apache.catalina.startup.Catalina.load(Catalina.java:724)
		at org.apache.catalina.startup.Catalina.load(Catalina.java:746)
		at sun.reflect.NativeMethodAccessorImpl.invoke0(Native Method)
		at sun.reflect.NativeMethodAccessorImpl.invoke(NativeMethodAccessorImpl.java:62)
		at sun.reflect.DelegatingMethodAccessorImpl.invoke(DelegatingMethodAccessorImpl.java:43)
		at java.lang.reflect.Method.invoke(Method.java:498)
		at org.apache.catalina.startup.Bootstrap.load(Bootstrap.java:305)
		at org.apache.catalina.startup.Bootstrap.main(Bootstrap.java:475)
	Caused by: java.net.BindException: Address already in use: bind
		at sun.nio.ch.Net.bind0(Native Method)
		at sun.nio.ch.Net.bind(Net.java:438)
		at sun.nio.ch.Net.bind(Net.java:430)
		at sun.nio.ch.ServerSocketChannelImpl.bind(ServerSocketChannelImpl.java:225)
		at org.apache.tomcat.util.net.NioEndpoint.initServerSocket(NioEndpoint.java:271)
		at org.apache.tomcat.util.net.NioEndpoint.bind(NioEndpoint.java:226)
		at org.apache.tomcat.util.net.AbstractEndpoint.bindWithCleanup(AbstractEndpoint.java:1208)
		at org.apache.tomcat.util.net.AbstractEndpoint.init(AbstractEndpoint.java:1221)
		at org.apache.coyote.AbstractProtocol.init(AbstractProtocol.java:603)
		at org.apache.coyote.http11.AbstractHttp11Protocol.init(AbstractHttp11Protocol.java:80)
		at org.apache.catalina.connector.Connector.initInternal(Connector.java:1046)
		... 13 more
05-May-2024 00:19:00.300 信息 [main] org.apache.catalina.startup.Catalina.load 服务器在[375]毫秒内初始化
05-May-2024 00:19:00.322 信息 [main] org.apache.catalina.core.StandardService.startInternal 正在启动服务[Catalina]
05-May-2024 00:19:00.322 信息 [main] org.apache.catalina.core.StandardEngine.startInternal 正在启动 Servlet 引擎：[Apache Tomcat/9.0.54]
05-May-2024 00:19:00.328 信息 [main] org.apache.catalina.startup.HostConfig.deployDirectory 把web 应用程序部署到目录 [E:\Study\AndroidProjects\Order_code\tomcat9\webapps\docs]
05-May-2024 00:19:00.659 警告 [main] org.apache.catalina.util.SessionIdGeneratorBase.createSecureRandom 使用[SHA1PRNG]创建会话ID生成的SecureRandom实例花费了[201]毫秒。
05-May-2024 00:19:00.674 信息 [main] org.apache.catalina.startup.HostConfig.deployDirectory Web应用程序目录[E:\Study\AndroidProjects\Order_code\tomcat9\webapps\docs]的部署已在[346]毫秒内完成
05-May-2024 00:19:00.675 信息 [main] org.apache.catalina.startup.HostConfig.deployDirectory 把web 应用程序部署到目录 [E:\Study\AndroidProjects\Order_code\tomcat9\webapps\manager]
05-May-2024 00:19:00.699 信息 [main] org.apache.catalina.startup.HostConfig.deployDirectory Web应用程序目录[E:\Study\AndroidProjects\Order_code\tomcat9\webapps\manager]的部署已在[24]毫秒内完成
05-May-2024 00:19:00.699 信息 [main] org.apache.catalina.startup.HostConfig.deployDirectory 把web 应用程序部署到目录 [E:\Study\AndroidProjects\Order_code\tomcat9\webapps\ROOT]
05-May-2024 00:19:00.714 信息 [main] org.apache.catalina.startup.HostConfig.deployDirectory Web应用程序目录[E:\Study\AndroidProjects\Order_code\tomcat9\webapps\ROOT]的部署已在[15]毫秒内完成
05-May-2024 00:19:00.724 信息 [main] org.apache.catalina.startup.Catalina.start [422]毫秒后服务器启动
05-May-2024 14:36:31.805 信息 [main] org.apache.catalina.startup.VersionLoggerListener.log Server.服务器版本: Apache Tomcat/9.0.54
05-May-2024 14:36:31.808 信息 [main] org.apache.catalina.startup.VersionLoggerListener.log 服务器构建:        Sep 28 2021 13:51:49 UTC
05-May-2024 14:36:31.821 信息 [main] org.apache.catalina.startup.VersionLoggerListener.log 服务器版本号:      9.0.54.0
05-May-2024 14:36:31.821 信息 [main] org.apache.catalina.startup.VersionLoggerListener.log 操作系统名称:      Windows 10
05-May-2024 14:36:31.821 信息 [main] org.apache.catalina.startup.VersionLoggerListener.log OS.版本:           10.0
05-May-2024 14:36:31.821 信息 [main] org.apache.catalina.startup.VersionLoggerListener.log 架构:              amd64
05-May-2024 14:36:31.821 信息 [main] org.apache.catalina.startup.VersionLoggerListener.log Java 环境变量:     E:\Study\Android\Java\jdk\jre
05-May-2024 14:36:31.821 信息 [main] org.apache.catalina.startup.VersionLoggerListener.log Java虚拟机版本:    1.8.0_391-b13
05-May-2024 14:36:31.821 信息 [main] org.apache.catalina.startup.VersionLoggerListener.log JVM.供应商:        Oracle Corporation
05-May-2024 14:36:31.822 信息 [main] org.apache.catalina.startup.VersionLoggerListener.log CATALINA_BASE:     E:\Study\AndroidProjects\Order_code\tomcat9
05-May-2024 14:36:31.822 信息 [main] org.apache.catalina.startup.VersionLoggerListener.log CATALINA_HOME:     E:\Study\AndroidProjects\Order_code\tomcat9
05-May-2024 14:36:31.822 信息 [main] org.apache.catalina.startup.VersionLoggerListener.log 命令行参数：       -Djava.util.logging.config.file=E:\Study\AndroidProjects\Order_code\tomcat9\conf\logging.properties
05-May-2024 14:36:31.822 信息 [main] org.apache.catalina.startup.VersionLoggerListener.log 命令行参数：       -Djava.util.logging.manager=org.apache.juli.ClassLoaderLogManager
05-May-2024 14:36:31.822 信息 [main] org.apache.catalina.startup.VersionLoggerListener.log 命令行参数：       -Djdk.tls.ephemeralDHKeySize=2048
05-May-2024 14:36:31.822 信息 [main] org.apache.catalina.startup.VersionLoggerListener.log 命令行参数：       -Djava.protocol.handler.pkgs=org.apache.catalina.webresources
05-May-2024 14:36:31.822 信息 [main] org.apache.catalina.startup.VersionLoggerListener.log 命令行参数：       -Dignore.endorsed.dirs=
05-May-2024 14:36:31.822 信息 [main] org.apache.catalina.startup.VersionLoggerListener.log 命令行参数：       -Dcatalina.base=E:\Study\AndroidProjects\Order_code\tomcat9
05-May-2024 14:36:31.822 信息 [main] org.apache.catalina.startup.VersionLoggerListener.log 命令行参数：       -Dcatalina.home=E:\Study\AndroidProjects\Order_code\tomcat9
05-May-2024 14:36:31.822 信息 [main] org.apache.catalina.startup.VersionLoggerListener.log 命令行参数：       -Djava.io.tmpdir=E:\Study\AndroidProjects\Order_code\tomcat9\temp
05-May-2024 14:36:31.828 信息 [main] org.apache.catalina.core.AprLifecycleListener.lifecycleEvent 安装了基于APR的Apache Tomcat Native库的旧版本[1.2.25]，而Tomcat建议使用[1.2.30]的最低版本
05-May-2024 14:36:31.828 信息 [main] org.apache.catalina.core.AprLifecycleListener.lifecycleEvent 使用APR版本[1.7.0]加载了基于APR的Apache Tomcat本机库[1.2.25]。
05-May-2024 14:36:31.828 信息 [main] org.apache.catalina.core.AprLifecycleListener.lifecycleEvent APR功能：IPv6[true]、sendfile[true]、accept filters[false]、random[true]、UDS [false]。
05-May-2024 14:36:31.829 信息 [main] org.apache.catalina.core.AprLifecycleListener.lifecycleEvent APR/OpenSSL配置：useAprConnector[false]，useOpenSSL[true]
05-May-2024 14:36:31.841 信息 [main] org.apache.catalina.core.AprLifecycleListener.initializeSSL OpenSSL成功初始化 [OpenSSL 1.1.1g  21 Apr 2020]
05-May-2024 14:36:32.143 信息 [main] org.apache.coyote.AbstractProtocol.init 初始化协议处理器 ["http-nio-8080"]
05-May-2024 14:36:32.163 信息 [main] org.apache.catalina.startup.Catalina.load 服务器在[514]毫秒内初始化
05-May-2024 14:36:32.192 信息 [main] org.apache.catalina.core.StandardService.startInternal 正在启动服务[Catalina]
05-May-2024 14:36:32.193 信息 [main] org.apache.catalina.core.StandardEngine.startInternal 正在启动 Servlet 引擎：[Apache Tomcat/9.0.54]
05-May-2024 14:36:32.200 信息 [main] org.apache.catalina.startup.HostConfig.deployDirectory 把web 应用程序部署到目录 [E:\Study\AndroidProjects\Order_code\tomcat9\webapps\docs]
05-May-2024 14:36:32.513 警告 [main] org.apache.catalina.util.SessionIdGeneratorBase.createSecureRandom 使用[SHA1PRNG]创建会话ID生成的SecureRandom实例花费了[158]毫秒。
05-May-2024 14:36:32.530 信息 [main] org.apache.catalina.startup.HostConfig.deployDirectory Web应用程序目录[E:\Study\AndroidProjects\Order_code\tomcat9\webapps\docs]的部署已在[330]毫秒内完成
05-May-2024 14:36:32.531 信息 [main] org.apache.catalina.startup.HostConfig.deployDirectory 把web 应用程序部署到目录 [E:\Study\AndroidProjects\Order_code\tomcat9\webapps\manager]
05-May-2024 14:36:32.559 信息 [main] org.apache.catalina.startup.HostConfig.deployDirectory Web应用程序目录[E:\Study\AndroidProjects\Order_code\tomcat9\webapps\manager]的部署已在[28]毫秒内完成
05-May-2024 14:36:32.560 信息 [main] org.apache.catalina.startup.HostConfig.deployDirectory 把web 应用程序部署到目录 [E:\Study\AndroidProjects\Order_code\tomcat9\webapps\ROOT]
05-May-2024 14:36:32.584 信息 [main] org.apache.catalina.startup.HostConfig.deployDirectory Web应用程序目录[E:\Study\AndroidProjects\Order_code\tomcat9\webapps\ROOT]的部署已在[24]毫秒内完成
05-May-2024 14:36:32.586 信息 [main] org.apache.coyote.AbstractProtocol.start 开始协议处理句柄["http-nio-8080"]
05-May-2024 14:36:32.599 信息 [main] org.apache.catalina.startup.Catalina.start [435]毫秒后服务器启动
